  Vector2d.cpp
g:\doom\new kingdom\game development [torrents.ru]\ai\programming game ai by example\buckland_aisource\common\2d\Vector2D.h(16): fatal error C1083: Cannot open include file: 'misc/utils.h': No such file or directory
  DebugConsole.cpp
..\Common\Debug\DebugConsole.cpp(1): fatal error C1083: Cannot open include file: 'Debug/DebugConsole.h': No such file or directory
  FuzzyModule.cpp
  FuzzyOperators.cpp
  FuzzySet_LeftShoulder.cpp
g:\doom\new kingdom\game development [torrents.ru]\ai\programming game ai by example\buckland_aisource\common\fuzzy\FuzzySet_LeftShoulder.h(13): fatal error C1083: Cannot open include file: 'fuzzy/FuzzySet.h': No such file or directory
  FuzzySet_RightShoulder.cpp
g:\doom\new kingdom\game development [torrents.ru]\ai\programming game ai by example\buckland_aisource\common\fuzzy\FuzzySet_RightShoulder.h(13): fatal error C1083: Cannot open include file: 'fuzzy/FuzzySet.h': No such file or directory
  FuzzySet_Singleton.cpp
g:\doom\new kingdom\game development [torrents.ru]\ai\programming game ai by example\buckland_aisource\common\fuzzy\FuzzySet_Singleton.h(12): fatal error C1083: Cannot open include file: 'fuzzy/FuzzySet.h': No such file or directory
  FuzzySet_Triangle.cpp
g:\doom\new kingdom\game development [torrents.ru]\ai\programming game ai by example\buckland_aisource\common\fuzzy\FuzzySet_Triangle.h(13): fatal error C1083: Cannot open include file: 'fuzzy/FuzzySet.h': No such file or directory
  FuzzyVariable.cpp
g:\doom\new kingdom\game development [torrents.ru]\ai\programming game ai by example\buckland_aisource\common\fuzzy\../fuzzy/FuzzySet_triangle.h(13): fatal error C1083: Cannot open include file: 'fuzzy/FuzzySet.h': No such file or directory
  BaseGameEntity.cpp
g:\doom\new kingdom\game development [torrents.ru]\ai\programming game ai by example\buckland_aisource\common\game\BaseGameEntity.h(17): fatal error C1083: Cannot open include file: '2D/Vector2D.h': No such file or directory
  EntityManager.cpp
..\Common\Game\EntityManager.cpp(1): fatal error C1083: Cannot open include file: 'game/EntityManager.h': No such file or directory
  MessageDispatcher.cpp
g:\doom\new kingdom\game development [torrents.ru]\ai\programming game ai by example\buckland_aisource\common\messaging\MessageDispatcher.h(18): fatal error C1083: Cannot open include file: 'Messaging/Telegram.h': No such file or directory
  Cgdi.cpp
..\Common\misc\Cgdi.cpp(1): fatal error C1083: Cannot open include file: 'misc/Cgdi.h': No such file or directory
  WindowUtils.cpp
..\Common\misc\WindowUtils.cpp(1): fatal error C1083: Cannot open include file: 'misc/WindowUtils.h': No such file or directory
  PrecisionTimer.cpp
..\Common\Time\PrecisionTimer.cpp(1): fatal error C1083: Cannot open include file: 'Time/PrecisionTimer.h': No such file or directory
  Projectile_Bolt.cpp
g:\doom\new kingdom\game development [torrents.ru]\ai\programming game ai by example\buckland_aisource\buckland_chapter7 to 10_raven\armory\Raven_Projectile.h(15): fatal error C1083: Cannot open include file: 'game/MovingEntity.h': No such file or directory
  Projectile_Pellet.cpp
g:\doom\new kingdom\game development [torrents.ru]\ai\programming game ai by example\buckland_aisource\buckland_chapter7 to 10_raven\armory\Raven_Projectile.h(15): fatal error C1083: Cannot open include file: 'game/MovingEntity.h': No such file or directory
  Projectile_Rocket.cpp
g:\doom\new kingdom\game development [torrents.ru]\ai\programming game ai by example\buckland_aisource\buckland_chapter7 to 10_raven\armory\Raven_Projectile.h(15): fatal error C1083: Cannot open include file: 'game/MovingEntity.h': No such file or directory
  Projectile_Slug.cpp
g:\doom\new kingdom\game development [torrents.ru]\ai\programming game ai by example\buckland_aisource\buckland_chapter7 to 10_raven\armory\Raven_Projectile.h(15): fatal error C1083: Cannot open include file: 'game/MovingEntity.h': No such file or directory
  Raven_Projectile.cpp
g:\doom\new kingdom\game development [torrents.ru]\ai\programming game ai by example\buckland_aisource\buckland_chapter7 to 10_raven\armory\Raven_Projectile.h(15): fatal error C1083: Cannot open include file: 'game/MovingEntity.h': No such file or directory
  Generating Code...
  Compiling...
  Raven_Weapon.cpp
g:\doom\new kingdom\game development [torrents.ru]\ai\programming game ai by example\buckland_aisource\buckland_chapter7 to 10_raven\armory\Raven_Weapon.h(14): fatal error C1083: Cannot open include file: '2d/Vector2D.h': No such file or directory
  Weapon_Blaster.cpp
g:\doom\new kingdom\game development [torrents.ru]\ai\programming game ai by example\buckland_aisource\buckland_chapter7 to 10_raven\armory\Raven_Weapon.h(14): fatal error C1083: Cannot open include file: '2d/Vector2D.h': No such file or directory
  Weapon_RailGun.cpp
g:\doom\new kingdom\game development [torrents.ru]\ai\programming game ai by example\buckland_aisource\buckland_chapter7 to 10_raven\armory\Raven_Weapon.h(14): fatal error C1083: Cannot open include file: '2d/Vector2D.h': No such file or directory
  Weapon_RocketLauncher.cpp
g:\doom\new kingdom\game development [torrents.ru]\ai\programming game ai by example\buckland_aisource\buckland_chapter7 to 10_raven\armory\Raven_Weapon.h(14): fatal error C1083: Cannot open include file: '2d/Vector2D.h': No such file or directory
  Weapon_ShotGun.cpp
g:\doom\new kingdom\game development [torrents.ru]\ai\programming game ai by example\buckland_aisource\buckland_chapter7 to 10_raven\armory\Raven_Weapon.h(14): fatal error C1083: Cannot open include file: '2d/Vector2D.h': No such file or directory
  AttackTargetGoal_Evaluator.cpp
g:\doom\new kingdom\game development [torrents.ru]\ai\programming game ai by example\buckland_aisource\buckland_chapter7 to 10_raven\goals\../Raven_Bot.h(16): fatal error C1083: Cannot open include file: 'game/MovingEntity.h': No such file or directory
  ExploreGoal_Evaluator.cpp
g:\doom\new kingdom\game development [torrents.ru]\ai\programming game ai by example\buckland_aisource\buckland_chapter7 to 10_raven\goals\../Raven_Bot.h(16): fatal error C1083: Cannot open include file: 'game/MovingEntity.h': No such file or directory
  GetHealthGoal_Evaluator.cpp
g:\doom\new kingdom\game development [torrents.ru]\ai\programming game ai by example\buckland_aisource\buckland_chapter7 to 10_raven\goals\../Raven_Bot.h(16): fatal error C1083: Cannot open include file: 'game/MovingEntity.h': No such file or directory
  GetWeaponGoal_Evaluator.cpp
g:\doom\new kingdom\game development [torrents.ru]\ai\programming game ai by example\buckland_aisource\buckland_chapter7 to 10_raven\goals\../Raven_Bot.h(16): fatal error C1083: Cannot open include file: 'game/MovingEntity.h': No such file or directory
  Goal_AdjustRange.cpp
g:\doom\new kingdom\game development [torrents.ru]\ai\programming game ai by example\buckland_aisource\buckland_chapter7 to 10_raven\goals\Goal_AdjustRange.h(13): fatal error C1083: Cannot open include file: 'goals/Goal.h': No such file or directory
  Goal_AttackTarget.cpp
g:\doom\new kingdom\game development [torrents.ru]\ai\programming game ai by example\buckland_aisource\buckland_chapter7 to 10_raven\goals\Goal_AttackTarget.h(13): fatal error C1083: Cannot open include file: 'Goals/Goal_Composite.h': No such file or directory
  Goal_DodgeSideToSide.cpp
g:\doom\new kingdom\game development [torrents.ru]\ai\programming game ai by example\buckland_aisource\buckland_chapter7 to 10_raven\goals\Goal_DodgeSideToSide.h(13): fatal error C1083: Cannot open include file: 'Goals/Goal.h': No such file or directory
  Goal_Explore.cpp
g:\doom\new kingdom\game development [torrents.ru]\ai\programming game ai by example\buckland_aisource\buckland_chapter7 to 10_raven\goals\Goal_Explore.h(5): fatal error C1083: Cannot open include file: 'Goals/Goal_Composite.h': No such file or directory
  Goal_FollowPath.cpp
g:\doom\new kingdom\game development [torrents.ru]\ai\programming game ai by example\buckland_aisource\buckland_chapter7 to 10_raven\goals\Goal_FollowPath.h(12): fatal error C1083: Cannot open include file: 'Goals/Goal_Composite.h': No such file or directory
  Goal_GetItem.cpp
g:\doom\new kingdom\game development [torrents.ru]\ai\programming game ai by example\buckland_aisource\buckland_chapter7 to 10_raven\goals\Goal_GetItem.h(5): fatal error C1083: Cannot open include file: 'Goals/Goal_Composite.h': No such file or directory
  Goal_HuntTarget.cpp
g:\doom\new kingdom\game development [torrents.ru]\ai\programming game ai by example\buckland_aisource\buckland_chapter7 to 10_raven\goals\Goal_HuntTarget.h(13): fatal error C1083: Cannot open include file: 'Goals/Goal_Composite.h': No such file or directory
  Goal_MoveToPosition.cpp
g:\doom\new kingdom\game development [torrents.ru]\ai\programming game ai by example\buckland_aisource\buckland_chapter7 to 10_raven\goals\Goal_MoveToPosition.h(5): fatal error C1083: Cannot open include file: 'Goals/Goal_Composite.h': No such file or directory
  Goal_NegotiateDoor.cpp
g:\doom\new kingdom\game development [torrents.ru]\ai\programming game ai by example\buckland_aisource\buckland_chapter7 to 10_raven\goals\Goal_NegotiateDoor.h(5): fatal error C1083: Cannot open include file: 'Goals/Goal_Composite.h': No such file or directory
  Goal_SeekToPosition.cpp
g:\doom\new kingdom\game development [torrents.ru]\ai\programming game ai by example\buckland_aisource\buckland_chapter7 to 10_raven\goals\Goal_SeekToPosition.h(5): fatal error C1083: Cannot open include file: 'Goals/Goal.h': No such file or directory
  Goal_Think.cpp
g:\doom\new kingdom\game development [torrents.ru]\ai\programming game ai by example\buckland_aisource\buckland_chapter7 to 10_raven\goals\Goal_Think.h(15): fatal error C1083: Cannot open include file: '2d/Vector2D.h': No such file or directory
  Generating Code...
  Compiling...
  Goal_TraverseEdge.cpp
g:\doom\new kingdom\game development [torrents.ru]\ai\programming game ai by example\buckland_aisource\buckland_chapter7 to 10_raven\goals\Goal_TraverseEdge.h(5): fatal error C1083: Cannot open include file: 'Goals/Goal.h': No such file or directory
  Goal_Wander.cpp
g:\doom\new kingdom\game development [torrents.ru]\ai\programming game ai by example\buckland_aisource\buckland_chapter7 to 10_raven\goals\Goal_Wander.h(12): fatal error C1083: Cannot open include file: 'Goals/Goal.h': No such file or directory
  Raven_Feature.cpp
g:\doom\new kingdom\game development [torrents.ru]\ai\programming game ai by example\buckland_aisource\buckland_chapter7 to 10_raven\goals\../Raven_Bot.h(16): fatal error C1083: Cannot open include file: 'game/MovingEntity.h': No such file or directory
  Raven_Goal_Types.cpp
g:\doom\new kingdom\game development [torrents.ru]\ai\programming game ai by example\buckland_aisource\buckland_chapter7 to 10_raven\goals\Raven_Goal_Types.h(5): fatal error C1083: Cannot open include file: 'misc/TypeToString.h': No such file or directory
  GraveMarkers.cpp
g:\doom\new kingdom\game development [torrents.ru]\ai\programming game ai by example\buckland_aisource\buckland_chapter7 to 10_raven\GraveMarkers.h(15): fatal error C1083: Cannot open include file: '2d/vector2d.h': No such file or directory
  Raven_Scriptor.cpp
g:\doom\new kingdom\game development [torrents.ru]\ai\programming game ai by example\buckland_aisource\buckland_chapter7 to 10_raven\lua\Raven_Scriptor.h(12): fatal error C1083: Cannot open include file: 'Script/scriptor.h': No such file or directory
  main.cpp
main.cpp(5): fatal error C1083: Cannot open include file: 'misc/utils.h': No such file or directory
  Raven_PathPlanner.cpp
g:\doom\new kingdom\game development [torrents.ru]\ai\programming game ai by example\buckland_aisource\buckland_chapter7 to 10_raven\navigation\TimeSlicedGraphAlgorithms.h(22): fatal error C1083: Cannot open include file: 'graph/SparseGraph.h': No such file or directory
  Raven_Bot.cpp
g:\doom\new kingdom\game development [torrents.ru]\ai\programming game ai by example\buckland_aisource\buckland_chapter7 to 10_raven\Raven_Bot.h(16): fatal error C1083: Cannot open include file: 'game/MovingEntity.h': No such file or directory
  Raven_Door.cpp
g:\doom\new kingdom\game development [torrents.ru]\ai\programming game ai by example\buckland_aisource\buckland_chapter7 to 10_raven\Raven_Door.h(16): fatal error C1083: Cannot open include file: '2d/vector2d.h': No such file or directory
  Raven_Game.cpp
g:\doom\new kingdom\game development [torrents.ru]\ai\programming game ai by example\buckland_aisource\buckland_chapter7 to 10_raven\Raven_Game.h(21): fatal error C1083: Cannot open include file: 'graph/SparseGraph.h': No such file or directory
  Raven_Map.cpp
g:\doom\new kingdom\game development [torrents.ru]\ai\programming game ai by example\buckland_aisource\buckland_chapter7 to 10_raven\Raven_Map.h(19): fatal error C1083: Cannot open include file: 'graph/SparseGraph.h': No such file or directory
  Raven_SensoryMemory.cpp
g:\doom\new kingdom\game development [torrents.ru]\ai\programming game ai by example\buckland_aisource\buckland_chapter7 to 10_raven\Raven_SensoryMemory.h(15): fatal error C1083: Cannot open include file: '2d/vector2d.h': No such file or directory
  Raven_SteeringBehaviors.cpp
g:\doom\new kingdom\game development [torrents.ru]\ai\programming game ai by example\buckland_aisource\buckland_chapter7 to 10_raven\Raven_SteeringBehaviors.h(17): fatal error C1083: Cannot open include file: '../2D/Vector2D.h': No such file or directory
  Raven_TargetingSystem.cpp
g:\doom\new kingdom\game development [torrents.ru]\ai\programming game ai by example\buckland_aisource\buckland_chapter7 to 10_raven\Raven_TargetingSystem.h(13): fatal error C1083: Cannot open include file: '2d/Vector2D.h': No such file or directory
  Raven_WeaponSystem.cpp
g:\doom\new kingdom\game development [torrents.ru]\ai\programming game ai by example\buckland_aisource\buckland_chapter7 to 10_raven\Raven_WeaponSystem.h(15): fatal error C1083: Cannot open include file: '2d/vector2d.h': No such file or directory
  Trigger_HealthGiver.cpp
g:\doom\new kingdom\game development [torrents.ru]\ai\programming game ai by example\buckland_aisource\buckland_chapter7 to 10_raven\triggers\Trigger_HealthGiver.h(14): fatal error C1083: Cannot open include file: 'Triggers/Trigger_Respawning.h': No such file or directory
  Trigger_SoundNotify.cpp
g:\doom\new kingdom\game development [torrents.ru]\ai\programming game ai by example\buckland_aisource\buckland_chapter7 to 10_raven\triggers\Trigger_SoundNotify.h(17): fatal error C1083: Cannot open include file: 'Triggers/Trigger_LimitedLifetime.h': No such file or directory
  Trigger_WeaponGiver.cpp
g:\doom\new kingdom\game development [torrents.ru]\ai\programming game ai by example\buckland_aisource\buckland_chapter7 to 10_raven\triggers\Trigger_WeaponGiver.h(14): fatal error C1083: Cannot open include file: 'Triggers/Trigger_Respawning.h': No such file or directory
  Generating Code...
